Decoder V-5.0.19 Build 10203, Jul 23 2010
Options: -NoSym -Proc=HC12 -T
Decoding File: 'D:\Workspace\CSE334_Mikro_2017\131044009_HW1\bin\Project.abs.s19'
File format: S-Record

S03F0000443A5C576F726B73706163655C4353453333345F4D696B726F5F323031375C3133313034343030395F4857315C62696E5C50726F6A6563742E6162735F
Type:     S0 (Header Block)
Length:   0x3F
Address:  0x0000
Text:     D:\Workspace\CSE334_Mikro_2017\131044009_HW1\bin\Project.abs
CheckSum: 0x5F

S119100000000000000000000000000000000000000000000000D6
Type:     S1 (A record containing the 2-bytes address at which the code/data is to reside)
Length:   0x19
Address:  0x1000
Data:     0x1000   00 00 00 00 00 00 00 00  - ????????
          0x1008   00 00 00 00 00 00 00 00  - ????????
          0x1010   00 00 00 00 00 00        - ??????
CheckSum: 0xD6

S114120036353533352E3038202D2030302E30393D9A
Type:     S1 (A record containing the 2-bytes address at which the code/data is to reside)
Length:   0x14
Address:  0x1200
Data:     0x1200   36 35 35 33 35 2E 30 38  - 65535.08
          0x1208   20 2D 20 30 30 2E 30 39  -  - 00.09
          0x1210   3D                       - =
CheckSum: 0x9A

S1234000CF400010EFCE12001640B1081640E9A600812026030820F77A101008A6008120E8
Type:     S1 (A record containing the 2-bytes address at which the code/data is to reside)
Length:   0x23
Address:  0x4000
Data:     0x4000   CF 40 00 10 EF CE 12 00  - ?@??????
          0x4008   16 40 B1 08 16 40 E9 A6  - ?@???@??
          0x4010   00 81 20 26 03 08 20 F7  - ?? &?? ?
          0x4018   7A 10 10 08 A6 00 81 20  - z?????? 
CheckSum: 0xE8

S123402027F987C77C10087A10067C100A7C100C7C100E16411C08164154A600812026038C
Type:     S1 (A record containing the 2-bytes address at which the code/data is to reside)
Length:   0x23
Address:  0x4020
Data:     0x4020   27 F9 87 C7 7C 10 08 7A  - '???|??z
          0x4028   10 06 7C 10 0A 7C 10 0C  - ??|??|??
          0x4030   7C 10 0E 16 41 1C 08 16  - |???A???
          0x4038   41 54 A6 00 81 20 26 03  - AT??? &?
CheckSum: 0x8C

S12340400820F7A600813D2664B61010812B272AB61002B010052412FC1000830001253CC8
Type:     S1 (A record containing the 2-bytes address at which the code/data is to reside)
Length:   0x23
Address:  0x4040
Data:     0x4040   08 20 F7 A6 00 81 3D 26  - ? ????=&
          0x4048   64 B6 10 10 81 2B 27 2A  - d????+'*
          0x4050   B6 10 02 B0 10 05 24 12  - ??????$?
          0x4058   FC 10 00 83 00 01 25 3C  - ??????%<
CheckSum: 0xC8

S12340607C1000B6100242B010057A1015FC1000B3100325277C10132022B61002BB1005AB
Type:     S1 (A record containing the 2-bytes address at which the code/data is to reside)
Length:   0x23
Address:  0x4060
Data:     0x4060   7C 10 00 B6 10 02 42 B0  - |?????B?
          0x4068   10 05 7A 10 15 FC 10 00  - ??z?????
          0x4070   B3 10 03 25 27 7C 10 13  - ???%'|??
          0x4078   20 22 B6 10 02 BB 10 05  -  "??????
CheckSum: 0xAB

S12340807A101581642D0586017A1012FC1000F310032508F3101125037C10132406CCFF34
Type:     S1 (A record containing the 2-bytes address at which the code/data is to reside)
Length:   0x23
Address:  0x4080
Data:     0x4080   7A 10 15 81 64 2D 05 86  - z???d-??
          0x4088   01 7A 10 12 FC 10 00 F3  - ?z??????
          0x4090   10 03 25 08 F3 10 11 25  - ??%????%
          0x4098   03 7C 10 13 24 06 CC FF  - ?|??$???
CheckSum: 0x34

S12340A0FF7C101386FF5A03FC10135B014A41A900A600812E273180307A1009B6100627EA
Type:     S1 (A record containing the 2-bytes address at which the code/data is to reside)
Length:   0x23
Address:  0x40A0
Data:     0x40A0   FF 7C 10 13 86 FF 5A 03  - ?|????Z?
          0x40A8   FC 10 13 5B 01 4A 41 A9  - ???[?JA?
          0x40B0   00 A6 00 81 2E 27 31 80  - ????.'1?
          0x40B8   30 7A 10 09 B6 10 06 27  - 0z?????'
CheckSum: 0xEA

S12340C014860A7A1007FC10007C100ACC00007C100C16417FFC100CF310087C1000B61056
Type:     S1 (A record containing the 2-bytes address at which the code/data is to reside)
Length:   0x23
Address:  0x40C0
Data:     0x40C0   14 86 0A 7A 10 07 FC 10  - ???z????
          0x40C8   00 7C 10 0A CC 00 00 7C  - ?|?????|
          0x40D0   10 0C 16 41 7F FC 10 0C  - ???A????
          0x40D8   F3 10 08 7C 10 00 B6 10  - ???|????
CheckSum: 0x56

S12340E006427A10060820C93DA6008030087A100E86007A100F860A7A1007164194B610CF
Type:     S1 (A record containing the 2-bytes address at which the code/data is to reside)
Length:   0x23
Address:  0x40E0
Data:     0x40E0   06 42 7A 10 06 08 20 C9  - ?Bz??? ?
          0x40E8   3D A6 00 80 30 08 7A 10  - =???0?z?
          0x40F0   0E 86 00 7A 10 0F 86 0A  - ???z????
          0x40F8   7A 10 07 16 41 94 B6 10  - z???A???
CheckSum: 0xCF

S12341000FE600C12E2711C12B270DC12D2709C1202705C0301806087A10023DA600812E00
Type:     S1 (A record containing the 2-bytes address at which the code/data is to reside)
Length:   0x23
Address:  0x4100
Data:     0x4100   0F E6 00 C1 2E 27 11 C1  - ????.'??
          0x4108   2B 27 0D C1 2D 27 09 C1  - +'??-'??
          0x4110   20 27 05 C0 30 18 06 08  -  '??0???
          0x4118   7A 10 02 3D A6 00 81 2E  - z??=???.
CheckSum: 0x0

S1234120273180307A1009B610062714860A7A1007FC10037C100ACC00007C100C16417FD9
Type:     S1 (A record containing the 2-bytes address at which the code/data is to reside)
Length:   0x23
Address:  0x4120
Data:     0x4120   27 31 80 30 7A 10 09 B6  - '1?0z???
          0x4128   10 06 27 14 86 0A 7A 10  - ??'???z?
          0x4130   07 FC 10 03 7C 10 0A CC  - ????|???
          0x4138   00 00 7C 10 0C 16 41 7F  - ??|???A?
CheckSum: 0xD9

S1234140FC100CF310087C1003B61006427A10060820C93DA6008030087A100E86007A10D7
Type:     S1 (A record containing the 2-bytes address at which the code/data is to reside)
Length:   0x23
Address:  0x4140
Data:     0x4140   FC 10 0C F3 10 08 7C 10  - ??????|?
          0x4148   03 B6 10 06 42 7A 10 06  - ????Bz??
          0x4150   08 20 C9 3D A6 00 80 30  - ? ?=???0
          0x4158   08 7A 10 0E 86 00 7A 10  - ?z????z?
CheckSum: 0xD7

S12341600F860A7A1007164194B6100FE600C13D2709C1202705C0301806087A10053DB692
Type:     S1 (A record containing the 2-bytes address at which the code/data is to reside)
Length:   0x23
Address:  0x4160
Data:     0x4160   0F 86 0A 7A 10 07 16 41  - ???z???A
          0x4168   94 B6 10 0F E6 00 C1 3D  - ???????=
          0x4170   27 09 C1 20 27 05 C0 30  - '?? '??0
          0x4178   18 06 08 7A 10 05 3D B6  - ???z??=?
CheckSum: 0x92

S12341801007270F437A1007FC100CF3100A7C100C20EC3DB61007270F437A1007B6100F48
Type:     S1 (A record containing the 2-bytes address at which the code/data is to reside)
Length:   0x23
Address:  0x4180
Data:     0x4180   10 07 27 0F 43 7A 10 07  - ??'?Cz??
          0x4188   FC 10 0C F3 10 0A 7C 10  - ??????|?
          0x4190   0C 20 EC 3D B6 10 07 27  - ? ?=???'
          0x4198   0F 43 7A 10 07 B6 10 0F  - ?Cz?????
CheckSum: 0x48

S10C41A0BB100E7A100F20EC3D57
Type:     S1 (A record containing the 2-bytes address at which the code/data is to reside)
Length:   0xC
Address:  0x41A0
Data:     0x41A0   BB 10 0E 7A 10 0F 20 EC  - ???z?? ?
          0x41A8   3D                       - =
CheckSum: 0x57

S105FFFE4000BD
Type:     S1 (A record containing the 2-bytes address at which the code/data is to reside)
Length:   0x5
Address:  0xFFFE
Data:     0xFFFE   40 00                    - @?
CheckSum: 0xBD

S9030000FC
Type:     S9 (Termination record for a block of S1 records)
Length:   0x3
Address:  0x0000
CheckSum: 0xFC

Disassembly: 

00001000 00           [5]    BGND  
00001001 00           [5]    BGND  
00001002 00           [5]    BGND  
00001003 00           [5]    BGND  
00001004 00           [5]    BGND  
00001005 00           [5]    BGND  
00001006 00           [5]    BGND  
00001007 00           [5]    BGND  
00001008 00           [5]    BGND  
00001009 00           [5]    BGND  
0000100A 00           [5]    BGND  
0000100B 00           [5]    BGND  
0000100C 00           [5]    BGND  
0000100D 00           [5]    BGND  
0000100E 00           [5]    BGND  
0000100F 00           [5]    BGND  
00001010 00           [5]    BGND  
00001011 00           [5]    BGND  
00001012 00           [5]    BGND  
00001013 00           [5]    BGND  
00001014 00           [5]    BGND  
00001015 00           [5]    BGND  

00001200 36           [2]    PSHA  
00001201 35           [2]    PSHY  
00001202 35           [2]    PSHY  
00001203 33           [3]    PULB  
00001204 35           [2]    PSHY  
00001205 2E30         [3/1]  BGT   *+50       ;abs = $1237
00001207 38           [3]    PULC  
00001208 202D         [3]    BRA   *+47       ;abs = $1237
0000120A 2030         [3]    BRA   *+50       ;abs = $123C
0000120C 30           [3]    PULX  
0000120D 2E30         [3/1]  BGT   *+50       ;abs = $123F
0000120F 39           [2]    PSHC  
00001210 3D           [5]    RTS   

00004000 CF4000       [2]    LDS   #16384
00004003 10EF         [1]    ANDCC #239
00004005 CE1200       [2]    LDX   #4608
00004008 1640B1       [4]    JSR   $40B1
0000400B 08           [1]    INX   
0000400C 1640E9       [4]    JSR   $40E9
0000400F A600         [3]    LDAA  0,X
00004011 8120         [1]    CMPA  #32
00004013 2603         [3/1]  BNE   *+5       ;abs = $4018
00004015 08           [1]    INX   
00004016 20F7         [3]    BRA   *-7       ;abs = $400F
00004018 7A1010       [3]    STAA  $1010
0000401B 08           [1]    INX   
0000401C A600         [3]    LDAA  0,X
0000401E 8120         [1]    CMPA  #32
00004020 27F9         [3/1]  BEQ   *-5       ;abs = $401B
00004022 87           [1]    CLRA  
00004023 C7           [1]    CLRB  
00004024 7C1008       [3]    STD   $1008
00004027 7A1006       [3]    STAA  $1006
0000402A 7C100A       [3]    STD   $100A
0000402D 7C100C       [3]    STD   $100C
00004030 7C100E       [3]    STD   $100E
00004033 16411C       [4]    JSR   $411C
00004036 08           [1]    INX   
00004037 164154       [4]    JSR   $4154
0000403A A600         [3]    LDAA  0,X
0000403C 8120         [1]    CMPA  #32
0000403E 2603         [3/1]  BNE   *+5       ;abs = $4043
00004040 08           [1]    INX   
00004041 20F7         [3]    BRA   *-7       ;abs = $403A
00004043 A600         [3]    LDAA  0,X
00004045 813D         [1]    CMPA  #61
00004047 2664         [3/1]  BNE   *+102       ;abs = $40AD
00004049 B61010       [3]    LDAA  $1010
0000404C 812B         [1]    CMPA  #43
0000404E 272A         [3/1]  BEQ   *+44       ;abs = $407A
00004050 B61002       [3]    LDAA  $1002
00004053 B01005       [3]    SUBA  $1005
00004056 2412         [3/1]  BCC   *+20       ;abs = $406A
00004058 FC1000       [3]    LDD   $1000
0000405B 830001       [2]    SUBD  #1
0000405E 253C         [3/1]  BCS   *+62       ;abs = $409C
00004060 7C1000       [3]    STD   $1000
00004063 B61002       [3]    LDAA  $1002
00004066 42           [1]    INCA  
00004067 B01005       [3]    SUBA  $1005
0000406A 7A1015       [3]    STAA  $1015
0000406D FC1000       [3]    LDD   $1000
00004070 B31003       [3]    SUBD  $1003
00004073 2527         [3/1]  BCS   *+41       ;abs = $409C
00004075 7C1013       [3]    STD   $1013
00004078 2022         [3]    BRA   *+36       ;abs = $409C
0000407A B61002       [3]    LDAA  $1002
0000407D BB1005       [3]    ADDA  $1005
00004080 7A1015       [3]    STAA  $1015
00004083 8164         [1]    CMPA  #100
00004085 2D05         [3/1]  BLT   *+7       ;abs = $408C
00004087 8601         [1]    LDAA  #1
00004089 7A1012       [3]    STAA  $1012
0000408C FC1000       [3]    LDD   $1000
0000408F F31003       [3]    ADDD  $1003
00004092 2508         [3/1]  BCS   *+10       ;abs = $409C
00004094 F31011       [3]    ADDD  $1011
00004097 2503         [3/1]  BCS   *+5       ;abs = $409C
00004099 7C1013       [3]    STD   $1013
0000409C 2406         [3/1]  BCC   *+8       ;abs = $40A4
0000409E CCFFFF       [2]    LDD   #65535
000040A1 7C1013       [3]    STD   $1013
000040A4 86FF         [1]    LDAA  #255
000040A6 5A03         [2]    STAA  $03
000040A8 FC1013       [3]    LDD   $1013
000040AB 5B01         [2]    STAB  $01
000040AD 4A41A900     [7]    CALL  $41A9,$00
000040B1 A600         [3]    LDAA  0,X
000040B3 812E         [1]    CMPA  #46
000040B5 2731         [3/1]  BEQ   *+51       ;abs = $40E8
000040B7 8030         [1]    SUBA  #48
000040B9 7A1009       [3]    STAA  $1009
000040BC B61006       [3]    LDAA  $1006
000040BF 2714         [3/1]  BEQ   *+22       ;abs = $40D5
000040C1 860A         [1]    LDAA  #10
000040C3 7A1007       [3]    STAA  $1007
000040C6 FC1000       [3]    LDD   $1000
000040C9 7C100A       [3]    STD   $100A
000040CC CC0000       [2]    LDD   #0
000040CF 7C100C       [3]    STD   $100C
000040D2 16417F       [4]    JSR   $417F
000040D5 FC100C       [3]    LDD   $100C
000040D8 F31008       [3]    ADDD  $1008
000040DB 7C1000       [3]    STD   $1000
000040DE B61006       [3]    LDAA  $1006
000040E1 42           [1]    INCA  
000040E2 7A1006       [3]    STAA  $1006
000040E5 08           [1]    INX   
000040E6 20C9         [3]    BRA   *-53       ;abs = $40B1
000040E8 3D           [5]    RTS   
000040E9 A600         [3]    LDAA  0,X
000040EB 8030         [1]    SUBA  #48
000040ED 08           [1]    INX   
000040EE 7A100E       [3]    STAA  $100E
000040F1 8600         [1]    LDAA  #0
000040F3 7A100F       [3]    STAA  $100F
000040F6 860A         [1]    LDAA  #10
000040F8 7A1007       [3]    STAA  $1007
000040FB 164194       [4]    JSR   $4194
000040FE B6100F       [3]    LDAA  $100F
00004101 E600         [3]    LDAB  0,X
00004103 C12E         [1]    CMPB  #46
00004105 2711         [3/1]  BEQ   *+19       ;abs = $4118
00004107 C12B         [1]    CMPB  #43
00004109 270D         [3/1]  BEQ   *+15       ;abs = $4118
0000410B C12D         [1]    CMPB  #45
0000410D 2709         [3/1]  BEQ   *+11       ;abs = $4118
0000410F C120         [1]    CMPB  #32
00004111 2705         [3/1]  BEQ   *+7       ;abs = $4118
00004113 C030         [1]    SUBB  #48
00004115 1806         [2]    ABA   
00004117 08           [1]    INX   
00004118 7A1002       [3]    STAA  $1002
0000411B 3D           [5]    RTS   
0000411C A600         [3]    LDAA  0,X
0000411E 812E         [1]    CMPA  #46
00004120 2731         [3/1]  BEQ   *+51       ;abs = $4153
00004122 8030         [1]    SUBA  #48
00004124 7A1009       [3]    STAA  $1009
00004127 B61006       [3]    LDAA  $1006
0000412A 2714         [3/1]  BEQ   *+22       ;abs = $4140
0000412C 860A         [1]    LDAA  #10
0000412E 7A1007       [3]    STAA  $1007
00004131 FC1003       [3]    LDD   $1003
00004134 7C100A       [3]    STD   $100A
00004137 CC0000       [2]    LDD   #0
0000413A 7C100C       [3]    STD   $100C
0000413D 16417F       [4]    JSR   $417F
00004140 FC100C       [3]    LDD   $100C
00004143 F31008       [3]    ADDD  $1008
00004146 7C1003       [3]    STD   $1003
00004149 B61006       [3]    LDAA  $1006
0000414C 42           [1]    INCA  
0000414D 7A1006       [3]    STAA  $1006
00004150 08           [1]    INX   
00004151 20C9         [3]    BRA   *-53       ;abs = $411C
00004153 3D           [5]    RTS   
00004154 A600         [3]    LDAA  0,X
00004156 8030         [1]    SUBA  #48
00004158 08           [1]    INX   
00004159 7A100E       [3]    STAA  $100E
0000415C 8600         [1]    LDAA  #0
0000415E 7A100F       [3]    STAA  $100F
00004161 860A         [1]    LDAA  #10
00004163 7A1007       [3]    STAA  $1007
00004166 164194       [4]    JSR   $4194
00004169 B6100F       [3]    LDAA  $100F
0000416C E600         [3]    LDAB  0,X
0000416E C13D         [1]    CMPB  #61
00004170 2709         [3/1]  BEQ   *+11       ;abs = $417B
00004172 C120         [1]    CMPB  #32
00004174 2705         [3/1]  BEQ   *+7       ;abs = $417B
00004176 C030         [1]    SUBB  #48
00004178 1806         [2]    ABA   
0000417A 08           [1]    INX   
0000417B 7A1005       [3]    STAA  $1005
0000417E 3D           [5]    RTS   
0000417F B61007       [3]    LDAA  $1007
00004182 270F         [3/1]  BEQ   *+17       ;abs = $4193
00004184 43           [1]    DECA  
00004185 7A1007       [3]    STAA  $1007
00004188 FC100C       [3]    LDD   $100C
0000418B F3100A       [3]    ADDD  $100A
0000418E 7C100C       [3]    STD   $100C
00004191 20EC         [3]    BRA   *-18       ;abs = $417F
00004193 3D           [5]    RTS   
00004194 B61007       [3]    LDAA  $1007
00004197 270F         [3/1]  BEQ   *+17       ;abs = $41A8
00004199 43           [1]    DECA  
0000419A 7A1007       [3]    STAA  $1007
0000419D B6100F       [3]    LDAA  $100F
000041A0 BB100E       [3]    ADDA  $100E
000041A3 7A100F       [3]    STAA  $100F
000041A6 20EC         [3]    BRA   *-18       ;abs = $4194
000041A8 3D           [5]    RTS   

0000FFFE 40           [1]    NEGA  
0000FFFF 00           [5]    BGND  
